2023-10-21T22:59:16.543+07:00  INFO 16952 --- [restartedMain] datn.goodboy.GoodboyApplication          : Starting GoodboyApplication using Java 17.0.6 with PID 16952 (C:\DATN\goodboy\goodboy\target\classes started by SweeeTJ in C:\DATN\goodboy)
2023-10-21T22:59:16.549+07:00  INFO 16952 --- [restartedMain] datn.goodboy.GoodboyApplication          : No active profile set, falling back to 1 default profile: "default"
2023-10-21T22:59:16.784+07:00  INFO 16952 --- [restartedMain] .e.DevToolsPropertyDefaultsPostProcessor : Devtools property defaults active! Set 'spring.devtools.add-properties' to 'false' to disable
2023-10-21T22:59:16.784+07:00  INFO 16952 --- [restartedMain] .e.DevToolsPropertyDefaultsPostProcessor : For additional web related logging consider setting the 'logging.level.web' property to 'DEBUG'
2023-10-21T22:59:17.277+07:00  INFO 16952 --- [restartedMain] .s.d.r.c.RepositoryConfigurationDelegate : Bootstrapping Spring Data JPA repositories in DEFAULT mode.
2023-10-21T22:59:17.326+07:00  INFO 16952 --- [restartedMain] .s.d.r.c.RepositoryConfigurationDelegate : Finished Spring Data repository scanning in 43 ms. Found 4 JPA repository interfaces.
2023-10-21T22:59:17.813+07:00  INFO 16952 --- [restartedMain] o.s.b.w.embedded.tomcat.TomcatWebServer  : Tomcat initialized with port(s): 8080 (http)
2023-10-21T22:59:17.820+07:00  INFO 16952 --- [restartedMain] o.apache.catalina.core.StandardService   : Starting service [Tomcat]
2023-10-21T22:59:17.820+07:00  INFO 16952 --- [restartedMain] o.apache.catalina.core.StandardEngine    : Starting Servlet engine: [Apache Tomcat/10.1.12]
2023-10-21T22:59:17.865+07:00  INFO 16952 --- [restartedMain] o.a.c.c.C.[Tomcat].[localhost].[/]       : Initializing Spring embedded WebApplicationContext
2023-10-21T22:59:17.865+07:00  INFO 16952 --- [restartedMain] w.s.c.ServletWebServerApplicationContext : Root WebApplicationContext: initialization completed in 1081 ms
2023-10-21T22:59:18.255+07:00  INFO 16952 --- [restartedMain] o.s.o.j.p.SpringPersistenceUnitInfo      : No LoadTimeWeaver setup: ignoring JPA class transformer
2023-10-21T22:59:18.269+07:00  INFO 16952 --- [restartedMain] com.zaxxer.hikari.HikariDataSource       : HikariPool-1 - Starting...
2023-10-21T22:59:18.516+07:00  INFO 16952 --- [restartedMain] com.zaxxer.hikari.pool.HikariPool        : HikariPool-1 - Added connection ConnectionID:1 ClientConnectionId: af1dc6da-12cd-4c45-828d-8e5a6dd00542
2023-10-21T22:59:18.518+07:00  INFO 16952 --- [restartedMain] com.zaxxer.hikari.HikariDataSource       : HikariPool-1 - Start completed.
2023-10-21T22:59:19.967+07:00  INFO 16952 --- [restartedMain] j.LocalContainerEntityManagerFactoryBean : Initialized JPA EntityManagerFactory for persistence unit 'default'
2023-10-21T22:59:20.192+07:00  INFO 16952 --- [restartedMain] o.s.d.j.r.query.QueryEnhancerFactory     : Hibernate is in classpath; If applicable, HQL parser will be used.
2023-10-21T22:59:20.532+07:00  WARN 16952 --- [restartedMain] JpaBaseConfiguration$JpaWebConfiguration : spring.jpa.open-in-view is enabled by default. Therefore, database queries may be performed during view rendering. Explicitly configure spring.jpa.open-in-view to disable this warning
2023-10-21T22:59:20.864+07:00  INFO 16952 --- [restartedMain] o.s.b.d.a.OptionalLiveReloadServer       : LiveReload server is running on port 35729
2023-10-21T22:59:20.903+07:00  INFO 16952 --- [restartedMain] o.s.b.w.embedded.tomcat.TomcatWebServer  : Tomcat started on port(s): 8080 (http) with context path ''
2023-10-21T22:59:20.911+07:00  INFO 16952 --- [restartedMain] datn.goodboy.GoodboyApplication          : Started GoodboyApplication in 4.694 seconds (process running for 5.391)
2023-10-21T22:59:35.954+07:00  INFO 16952 --- [http-nio-8080-exec-1] o.a.c.c.C.[Tomcat].[localhost].[/]       : Initializing Spring DispatcherServlet 'dispatcherServlet'
2023-10-21T22:59:35.955+07:00  INFO 16952 --- [http-nio-8080-exec-1] o.s.web.servlet.DispatcherServlet        : Initializing Servlet 'dispatcherServlet'
2023-10-21T22:59:35.955+07:00  INFO 16952 --- [http-nio-8080-exec-1] o.s.web.servlet.DispatcherServlet        : Completed initialization in 0 ms
